#
# There is insufficient memory for the Java Runtime Environment to continue.
# Native memory allocation (malloc) failed to allocate 2057680 bytes for Chunk::new
# Possible reasons:
#   The system is out of physical RAM or swap space
#   The process is running with CompressedOops enabled, and the Java Heap may be blocking the growth of the native heap
# Possible solutions:
#   Reduce memory load on the system
#   Increase physical memory or swap space
#   Check if swap backing store is full
#   Decrease Java heap size (-Xmx/-Xms)
#   Decrease number of Java threads
#   Decrease Java thread stack sizes (-Xss)
#   Set larger code cache with -XX:ReservedCodeCacheSize=
#   JVM is running with Unscaled Compressed Oops mode in which the Java heap is
#     placed in the first 4GB address space. The Java Heap base address is the
#     maximum limit for the native heap growth. Please use -XX:HeapBaseMinAddress
#     to set the Java Heap base and to place the Java Heap above 4GB virtual address.
# This output file may be truncated or incomplete.
#
#  Out of Memory Error (allocation.cpp:389), pid=2100, tid=0x0000000000006a2c
#
# JRE version: OpenJDK Runtime Environment (8.0_212-b04) (build 1.8.0_212-release-1586-b04)
# Java VM: OpenJDK 64-Bit Server VM (25.212-b04 mixed mode windows-amd64 compressed oops)
# Failed to write core dump. Minidumps are not enabled by default on client versions of Windows
#

---------------  T H R E A D  ---------------

Current thread (0x0000000017d31000):  JavaThread "C2 CompilerThread1" daemon [_thread_in_native, id=27180, stack(0x00000000183e0000,0x00000000184e0000)]

Stack: [0x00000000183e0000,0x00000000184e0000]
[error occurred during error reporting (printing stack bounds), id 0xc0000005]

Native frames: (J=compiled Java code, j=interpreted, Vv=VM code, C=native code)


Current CompileTask:
C2:  64361 5919   !   4       java.net.URLClassLoader$1::run (63 bytes)


---------------  P R O C E S S  ---------------

Java Threads: ( => current thread )
  0x000000001f5ea800 JavaThread "Memory manager" [_thread_blocked, id=15772, stack(0x0000000022370000,0x0000000022470000)]
  0x000000001f5e9000 JavaThread "Cache worker for Build Output Cleanup Cache (D:\Workspaces\AndroidStudio\Mango\.gradle\buildOutputCleanup)" [_thread_blocked, id=6640, stack(0x0000000021870000,0x0000000021970000)]
  0x000000001f5f0000 JavaThread "Build operations Thread 4" [_thread_blocked, id=23712, stack(0x0000000021170000,0x0000000021270000)]
  0x000000001f5e8000 JavaThread "Build operations Thread 3" [_thread_blocked, id=5600, stack(0x0000000021070000,0x0000000021170000)]
  0x000000001f5e9800 JavaThread "Build operations Thread 2" [_thread_blocked, id=28280, stack(0x0000000020f70000,0x0000000021070000)]
  0x000000001f5eb000 JavaThread "Build operations" [_thread_blocked, id=408, stack(0x0000000020c00000,0x0000000020d00000)]
  0x000000001f5ec000 JavaThread "Cache worker for execution history cache (C:\Users\wwwli\.gradle\caches\5.6.4\executionHistory)" [_thread_blocked, id=6992, stack(0x0000000020100000,0x0000000020200000)]
  0x000000001f5ef000 JavaThread "Cache worker for cache directory md-rule (C:\Users\wwwli\.gradle\caches\5.6.4\md-rule)" [_thread_blocked, id=3616, stack(0x0000000020000000,0x0000000020100000)]
  0x000000001f5ed800 JavaThread "Cache worker for cache directory md-supplier (C:\Users\wwwli\.gradle\caches\5.6.4\md-supplier)" [_thread_blocked, id=25728, stack(0x000000001ff00000,0x0000000020000000)]
  0x000000001939e800 JavaThread "Cache worker for file hash cache (D:\Workspaces\AndroidStudio\Mango\.gradle\5.6.4\fileHashes)" [_thread_blocked, id=15164, stack(0x000000001e7d0000,0x000000001e8d0000)]
  0x000000001939b800 JavaThread "File lock release action executor" [_thread_blocked, id=27424, stack(0x000000001c530000,0x000000001c630000)]
  0x000000001939a800 JavaThread "Cache worker for journal cache (C:\Users\wwwli\.gradle\caches\journal-1)" [_thread_blocked, id=20772, stack(0x000000001c330000,0x000000001c430000)]
  0x000000001939d000 JavaThread "File lock request listener" [_thread_in_native, id=27812, stack(0x000000001c230000,0x000000001c330000)]
  0x000000001939a000 JavaThread "Cache worker for file hash cache (C:\Users\wwwli\.gradle\caches\5.6.4\fileHashes)" [_thread_blocked, id=10396, stack(0x000000001c130000,0x000000001c230000)]
  0x0000000018e77800 JavaThread "Thread-9" [_thread_blocked, id=10404, stack(0x000000001be30000,0x000000001bf30000)]
  0x0000000018e67800 JavaThread "Stdin handler" [_thread_blocked, id=22160, stack(0x000000001bd30000,0x000000001be30000)]
  0x0000000018e64800 JavaThread "Asynchronous log dispatcher for DefaultDaemonConnection: socket connection from /127.0.0.1:63716 to /127.0.0.1:63718" [_thread_blocked, id=11892, stack(0x000000001bc30000,0x000000001bd30000)]
  0x0000000018cf9800 JavaThread "Daemon worker" [_thread_blocked, id=5184, stack(0x000000001bb30000,0x000000001bc30000)]
  0x0000000018cf8000 JavaThread "Cancel handler" [_thread_blocked, id=8240, stack(0x000000001ba30000,0x000000001bb30000)]
  0x0000000018e50800 JavaThread "Handler for socket connection from /127.0.0.1:63716 to /127.0.0.1:63718" [_thread_in_native, id=15100, stack(0x000000001b730000,0x000000001b830000)]
  0x0000000018e2a000 JavaThread "Daemon" [_thread_blocked, id=26744, stack(0x000000001b630000,0x000000001b730000)]
  0x0000000017d36800 JavaThread "Daemon periodic checks" [_thread_blocked, id=12612, stack(0x000000001b530000,0x000000001b630000)]
  0x0000000017d35000 JavaThread "Incoming local TCP Connector on port 63716" [_thread_in_native, id=4788, stack(0x000000001b380000,0x000000001b480000)]
  0x0000000017fea000 JavaThread "Daemon health stats" [_thread_blocked, id=2392, stack(0x000000001b080000,0x000000001b180000)]
  0x0000000017d49800 JavaThread "Service Thread" daemon [_thread_blocked, id=9624, stack(0x00000000185e0000,0x00000000186e0000)]
  0x0000000017d3c000 JavaThread "C1 CompilerThread2" daemon [_thread_blocked, id=24252, stack(0x00000000184e0000,0x00000000185e0000)]
=>0x0000000017d31000 JavaThread "C2 CompilerThread1" daemon [_thread_in_native, id=27180, stack(0x00000000183e0000,0x00000000184e0000)]
  0x00000000169e8800 JavaThread "C2 CompilerThread0" daemon [_thread_blocked, id=7096, stack(0x00000000182e0000,0x00000000183e0000)]
  0x00000000169e7000 JavaThread "Attach Listener" daemon [_thread_blocked, id=11336, stack(0x00000000181e0000,0x00000000182e0000)]
  0x000000001699d000 JavaThread "Signal Dispatcher" daemon [_thread_blocked, id=24940, stack(0x00000000180e0000,0x00000000181e0000)]
  0x0000000003014000 JavaThread "Finalizer" daemon [_thread_blocked, id=23352, stack(0x0000000017be0000,0x0000000017ce0000)]
  0x0000000003011000 JavaThread "Reference Handler" daemon [_thread_blocked, id=27092, stack(0x0000000017ae0000,0x0000000017be0000)]
  0x0000000002e1d800 JavaThread "main" [_thread_blocked, id=18020, stack(0x0000000002e20000,0x0000000002f20000)]

Other Threads:
  0x0000000016956800 VMThread [stack: 0x00000000179e0000,0x0000000017ae0000] [id=25528]
  0x0000000017d4a800 WatcherThread [stack: 0x00000000186e0000,0x00000000187e0000] [id=14856]

VM state:at safepoint (normal execution)

VM Mutex/Monitor currently owned by a thread:  ([mutex/lock_event])
[0x0000000002e1cdd0] Threads_lock - owner thread: 0x0000000016956800
[0x0000000002e1c3d0] Heap_lock - owner thread: 0x0000000018cf9800

heap address: 0x00000000a0000000, size: 1536 MB, Compressed Oops mode: 32-bit
Narrow klass base: 0x0000000000000000, Narrow klass shift: 3
Compressed class space size: 1073741824 Address: 0x0000000100000000

Heap:
 PSYoungGen      total 159744K, used 6402K [0x00000000e0000000, 0x00000000ecb80000, 0x0000000100000000)
  eden space 142848K, 0% used [0x00000000e0000000,0x00000000e0000000,0x00000000e8b80000)
  from space 16896K, 37% used [0x00000000ebb00000,0x00000000ec1409a8,0x00000000ecb80000)
  to   space 12288K, 0% used [0x00000000e8b80000,0x00000000e8b80000,0x00000000e9780000)
 ParOldGen       total 72704K, used 33475K [0x00000000a0000000, 0x00000000a4700000, 0x00000000e0000000)
  object space 72704K, 46% used [0x00000000a0000000,0x00000000a20b0e18,0x00000000a4700000)
 Metaspace       used 57014K, capacity 59020K, committed 59096K, reserved 1099776K
  class space    used 7910K, capacity 8374K, committed 8448K, reserved 1048576K

Card table byte_map: [0x00000000123e0000,0x00000000126f0000] byte_map_base: 0x0000000011ee0000

Marking Bits: (ParMarkBitMap*) 0x00000000650e9f30
 Begin Bits: [0x0000000012cf0000, 0x00000000144f0000)
 End Bits:   [0x00000000144f0000, 0x0000000015cf0000)

Polling page: 0x00000000012b0000

CodeCache: size=245760Kb used=18991Kb max_used=18991Kb free=226768Kb
 bounds [0x0000000003020000, 0x00000000042c0000, 0x0000000012020000]
 total_blobs=6174 nmethods=5395 adapters=691
 compilation: enabled

Compilation events (10 events):
Event: 64.084 Thread 0x0000000017d3c000 nmethod 5952 0x00000000042b1710 code [0x00000000042b19a0, 0x00000000042b2ca8]
Event: 64.084 Thread 0x0000000017d3c000 5953       3       org.codehaus.groovy.reflection.ClassInfo::getMetaClassForClass (27 bytes)
Event: 64.085 Thread 0x0000000017d3c000 nmethod 5953 0x00000000042b08d0 code [0x00000000042b0aa0, 0x00000000042b13e8]
Event: 64.086 Thread 0x00000000169e8800 5954       4       java.lang.Class::privateGetMethodRecursive (130 bytes)
Event: 64.086 Thread 0x0000000017d3c000 5955       3       org.codehaus.groovy.reflection.CachedClass$3::initValue (5 bytes)
Event: 64.086 Thread 0x0000000017d3c000 nmethod 5955 0x00000000042b7450 code [0x00000000042b75c0, 0x00000000042b7768]
Event: 64.086 Thread 0x0000000017d3c000 5956   !   3       org.codehaus.groovy.reflection.CachedClass$3$1::run (32 bytes)
Event: 64.087 Thread 0x0000000017d3c000 nmethod 5956 0x00000000042b7810 code [0x00000000042b79e0, 0x00000000042b7f88]
Event: 64.097 Thread 0x0000000017d3c000 5958       3       java.beans.Introspector::getTargetMethodInfo (252 bytes)
Event: 64.098 Thread 0x0000000017d3c000 nmethod 5958 0x00000000042b82d0 code [0x00000000042b85a0, 0x00000000042b9628]

GC Heap History (10 events):
Event: 41.955 GC heap after
Heap after GC invocations=11 (full 1):
 PSYoungGen      total 105472K, used 7330K [0x00000000e0000000, 0x00000000e7200000, 0x0000000100000000)
  eden space 95232K, 0% used [0x00000000e0000000,0x00000000e0000000,0x00000000e5d00000)
  from space 10240K, 71% used [0x00000000e6800000,0x00000000e6f289d0,0x00000000e7200000)
  to   space 10752K, 0% used [0x00000000e5d00000,0x00000000e5d00000,0x00000000e6780000)
 ParOldGen       total 51200K, used 12140K [0x00000000a0000000, 0x00000000a3200000, 0x00000000e0000000)
  object space 51200K, 23% used [0x00000000a0000000,0x00000000a0bdb338,0x00000000a3200000)
 Metaspace       used 33469K, capacity 34224K, committed 34560K, reserved 1079296K
  class space    used 4525K, capacity 4751K, committed 4864K, reserved 1048576K
}
Event: 43.322 GC heap before
{Heap before GC invocations=12 (full 1):
 PSYoungGen      total 105472K, used 42036K [0x00000000e0000000, 0x00000000e7200000, 0x0000000100000000)
  eden space 95232K, 36% used [0x00000000e0000000,0x00000000e21e4798,0x00000000e5d00000)
  from space 10240K, 71% used [0x00000000e6800000,0x00000000e6f289d0,0x00000000e7200000)
  to   space 10752K, 0% used [0x00000000e5d00000,0x00000000e5d00000,0x00000000e6780000)
 ParOldGen       total 51200K, used 12140K [0x00000000a0000000, 0x00000000a3200000, 0x00000000e0000000)
  object space 51200K, 23% used [0x00000000a0000000,0x00000000a0bdb338,0x00000000a3200000)
 Metaspace       used 34643K, capacity 35380K, committed 35456K, reserved 1079296K
  class space    used 4742K, capacity 4963K, committed 4992K, reserved 1048576K
Event: 43.354 GC heap after
Heap after GC invocations=12 (full 1):
 PSYoungGen      total 105984K, used 2616K [0x00000000e0000000, 0x00000000ea380000, 0x0000000100000000)
  eden space 95232K, 0% used [0x00000000e0000000,0x00000000e0000000,0x00000000e5d00000)
  from space 10752K, 24% used [0x00000000e5d00000,0x00000000e5f8e148,0x00000000e6780000)
  to   space 10752K, 0% used [0x00000000e9900000,0x00000000e9900000,0x00000000ea380000)
 ParOldGen       total 51200K, used 16623K [0x00000000a0000000, 0x00000000a3200000, 0x00000000e0000000)
  object space 51200K, 32% used [0x00000000a0000000,0x00000000a103bc40,0x00000000a3200000)
 Metaspace       used 34643K, capacity 35380K, committed 35456K, reserved 1079296K
  class space    used 4742K, capacity 4963K, committed 4992K, reserved 1048576K
}
Event: 43.354 GC heap before
{Heap before GC invocations=13 (full 2):
 PSYoungGen      total 105984K, used 2616K [0x00000000e0000000, 0x00000000ea380000, 0x0000000100000000)
  eden space 95232K, 0% used [0x00000000e0000000,0x00000000e0000000,0x00000000e5d00000)
  from space 10752K, 24% used [0x00000000e5d00000,0x00000000e5f8e148,0x00000000e6780000)
  to   space 10752K, 0% used [0x00000000e9900000,0x00000000e9900000,0x00000000ea380000)
 ParOldGen       total 51200K, used 16623K [0x00000000a0000000, 0x00000000a3200000, 0x00000000e0000000)
  object space 51200K, 32% used [0x00000000a0000000,0x00000000a103bc40,0x00000000a3200000)
 Metaspace       used 34643K, capacity 35380K, committed 35456K, reserved 1079296K
  class space    used 4742K, capacity 4963K, committed 4992K, reserved 1048576K
Event: 43.820 GC heap after
Heap after GC invocations=13 (full 2):
 PSYoungGen      total 105984K, used 0K [0x00000000e0000000, 0x00000000ea380000, 0x0000000100000000)
  eden space 95232K, 0% used [0x00000000e0000000,0x00000000e0000000,0x00000000e5d00000)
  from space 10752K, 0% used [0x00000000e5d00000,0x00000000e5d00000,0x00000000e6780000)
  to   space 10752K, 0% used [0x00000000e9900000,0x00000000e9900000,0x00000000ea380000)
 ParOldGen       total 72704K, used 16489K [0x00000000a0000000, 0x00000000a4700000, 0x00000000e0000000)
  object space 72704K, 22% used [0x00000000a0000000,0x00000000a101a490,0x00000000a4700000)
 Metaspace       used 34643K, capacity 35380K, committed 35456K, reserved 1079296K
  class space    used 4742K, capacity 4963K, committed 4992K, reserved 1048576K
}
Event: 47.561 GC heap before
{Heap before GC invocations=14 (full 2):
 PSYoungGen      total 105984K, used 95232K [0x00000000e0000000, 0x00000000ea380000, 0x0000000100000000)
  eden space 95232K, 100% used [0x00000000e0000000,0x00000000e5d00000,0x00000000e5d00000)
  from space 10752K, 0% used [0x00000000e5d00000,0x00000000e5d00000,0x00000000e6780000)
  to   space 10752K, 0% used [0x00000000e9900000,0x00000000e9900000,0x00000000ea380000)
 ParOldGen       total 72704K, used 16489K [0x00000000a0000000, 0x00000000a4700000, 0x00000000e0000000)
  object space 72704K, 22% used [0x00000000a0000000,0x00000000a101a490,0x00000000a4700000)
 Metaspace       used 42757K, capacity 44010K, committed 44288K, reserved 1087488K
  class space    used 5763K, capacity 6078K, committed 6144K, reserved 1048576K
Event: 47.580 GC heap after
Heap after GC invocations=14 (full 2):
 PSYoungGen      total 139776K, used 10740K [0x00000000e0000000, 0x00000000ea380000, 0x0000000100000000)
  eden space 129024K, 0% used [0x00000000e0000000,0x00000000e0000000,0x00000000e7e00000)
  from space 10752K, 99% used [0x00000000e9900000,0x00000000ea37d090,0x00000000ea380000)
  to   space 12288K, 0% used [0x00000000e8b80000,0x00000000e8b80000,0x00000000e9780000)
 ParOldGen       total 72704K, used 16709K [0x00000000a0000000, 0x00000000a4700000, 0x00000000e0000000)
  object space 72704K, 22% used [0x00000000a0000000,0x00000000a1051448,0x00000000a4700000)
 Metaspace       used 42757K, capacity 44010K, committed 44288K, reserved 1087488K
  class space    used 5763K, capacity 6078K, committed 6144K, reserved 1048576K
}
Event: 56.178 GC heap before
{Heap before GC invocations=15 (full 2):
 PSYoungGen      total 139776K, used 139764K [0x00000000e0000000, 0x00000000ea380000, 0x0000000100000000)
  eden space 129024K, 100% used [0x00000000e0000000,0x00000000e7e00000,0x00000000e7e00000)
  from space 10752K, 99% used [0x00000000e9900000,0x00000000ea37d090,0x00000000ea380000)
  to   space 12288K, 0% used [0x00000000e8b80000,0x00000000e8b80000,0x00000000e9780000)
 ParOldGen       total 72704K, used 16709K [0x00000000a0000000, 0x00000000a4700000, 0x00000000e0000000)
  object space 72704K, 22% used [0x00000000a0000000,0x00000000a1051448,0x00000000a4700000)
 Metaspace       used 53159K, capacity 55048K, committed 55168K, reserved 1097728K
  class space    used 7246K, capacity 7695K, committed 7808K, reserved 1048576K
Event: 56.360 GC heap after
Heap after GC invocations=15 (full 2):
 PSYoungGen      total 155136K, used 12284K [0x00000000e0000000, 0x00000000ecb80000, 0x0000000100000000)
  eden space 142848K, 0% used [0x00000000e0000000,0x00000000e0000000,0x00000000e8b80000)
  from space 12288K, 99% used [0x00000000e8b80000,0x00000000e977f138,0x00000000e9780000)
  to   space 16896K, 0% used [0x00000000ebb00000,0x00000000ebb00000,0x00000000ecb80000)
 ParOldGen       total 72704K, used 24756K [0x00000000a0000000, 0x00000000a4700000, 0x00000000e0000000)
  object space 72704K, 34% used [0x00000000a0000000,0x00000000a182d3f0,0x00000000a4700000)
 Metaspace       used 53159K, capacity 55048K, committed 55168K, reserved 1097728K
  class space    used 7246K, capacity 7695K, committed 7808K, reserved 1048576K
}
Event: 64.254 GC heap before
{Heap before GC invocations=16 (full 2):
 PSYoungGen      total 155136K, used 96840K [0x00000000e0000000, 0x00000000ecb80000, 0x0000000100000000)
  eden space 142848K, 59% used [0x00000000e0000000,0x00000000e5293090,0x00000000e8b80000)
  from space 12288K, 99% used [0x00000000e8b80000,0x00000000e977f138,0x00000000e9780000)
  to   space 16896K, 0% used [0x00000000ebb00000,0x00000000ebb00000,0x00000000ecb80000)
 ParOldGen       total 72704K, used 24756K [0x00000000a0000000, 0x00000000a4700000, 0x00000000e0000000)
  object space 72704K, 34% used [0x00000000a0000000,0x00000000a182d3f0,0x00000000a4700000)
 Metaspace       used 57014K, capacity 59020K, committed 59096K, reserved 1099776K
  class space    used 7910K, capacity 8374K, committed 8448K, reserved 1048576K

Deoptimization events (10 events):
Event: 58.968 Thread 0x0000000018cf9800 Uncommon trap: reason=array_check action=maybe_recompile pc=0x0000000003421cb0 method=java.util.AbstractCollection.toArray([Ljava/lang/Object;)[Ljava/lang/Object; @ 119
Event: 58.970 Thread 0x0000000018cf9800 Uncommon trap: reason=array_check action=maybe_recompile pc=0x0000000003421cb0 method=java.util.AbstractCollection.toArray([Ljava/lang/Object;)[Ljava/lang/Object; @ 119
Event: 58.974 Thread 0x0000000018cf9800 Uncommon trap: reason=array_check action=maybe_recompile pc=0x0000000003421cb0 method=java.util.AbstractCollection.toArray([Ljava/lang/Object;)[Ljava/lang/Object; @ 119
Event: 58.975 Thread 0x0000000018cf9800 Uncommon trap: reason=array_check action=maybe_recompile pc=0x0000000003421cb0 method=java.util.AbstractCollection.toArray([Ljava/lang/Object;)[Ljava/lang/Object; @ 119
Event: 62.732 Thread 0x0000000018cf9800 Uncommon trap: reason=unstable_if action=reinterpret pc=0x00000000041ae3dc method=org.objectweb.asm.Type.getType(Ljava/lang/Class;)Lorg/objectweb/asm/Type; @ 33
Event: 62.732 Thread 0x0000000018cf9800 Uncommon trap: reason=unstable_if action=reinterpret pc=0x0000000003682814 method=org.objectweb.asm.Type.getArgumentsAndReturnSizes(Ljava/lang/String;)I @ 109
Event: 62.732 Thread 0x0000000018cf9800 Uncommon trap: reason=unstable_if action=reinterpret pc=0x0000000003a43528 method=org.objectweb.asm.Type.getArgumentsAndReturnSizes(Ljava/lang/String;)I @ 109
Event: 62.732 Thread 0x0000000018cf9800 Uncommon trap: reason=unstable_if action=reinterpret pc=0x00000000040e61f0 method=org.objectweb.asm.Type.getArgumentsAndReturnSizes(Ljava/lang/String;)I @ 19
Event: 63.932 Thread 0x0000000018cf9800 Uncommon trap: reason=class_check action=maybe_recompile pc=0x0000000003cac940 method=java.lang.Throwable.<init>(Ljava/lang/String;Ljava/lang/Throwable;)V @ 24
Event: 64.103 Thread 0x0000000018cf9800 Uncommon trap: reason=unstable_if action=reinterpret pc=0x0000000003a97a84 method=groovy.lang.MetaClassImpl.checkIfStdMethod(Lgroovy/lang/MetaMethod;)V @ 167

Classes redefined (0 events):
No events

Internal exceptions (10 events):
Event: 64.067 Thread 0x0000000018cf9800 Exception <a 'java/lang/ClassNotFoundException': org/gradle/plugins/ide/idea/model/IdeaProject_DecoratedBeanInfo> (0x00000000e4b19da0) thrown at [D:\src\AOSP-openjdk-cygwin\jdk8u\hotspot\src\share\vm\classfile\systemDictionary.cpp, line 210]
Event: 64.068 Thread 0x0000000018cf9800 Exception <a 'java/lang/ClassNotFoundException': org/gradle/plugins/ide/idea/model/IdeaProjectBeanInfo> (0x00000000e4b438f0) thrown at [D:\src\AOSP-openjdk-cygwin\jdk8u\hotspot\src\share\vm\classfile\systemDictionary.cpp, line 210]
Event: 64.068 Thread 0x0000000018cf9800 Exception <a 'java/lang/ClassNotFoundException': org/gradle/plugins/ide/idea/model/IdeaProjectCustomizer> (0x00000000e4b6dee8) thrown at [D:\src\AOSP-openjdk-cygwin\jdk8u\hotspot\src\share\vm\classfile\systemDictionary.cpp, line 210]
Event: 64.070 Thread 0x0000000018cf9800 Exception <a 'java/lang/ClassNotFoundException': org/gradle/plugins/ide/idea/model/IdeaProject_DecoratedCustomizer> (0x00000000e4bcb548) thrown at [D:\src\AOSP-openjdk-cygwin\jdk8u\hotspot\src\share\vm\classfile\systemDictionary.cpp, line 210]
Event: 64.092 Thread 0x0000000018cf9800 Exception <a 'java/lang/ClassNotFoundException': org/gradle/api/internal/artifacts/configurations/DefaultConfigurationContainer_DecoratedBeanInfo> (0x00000000e4f357c8) thrown at [D:\src\AOSP-openjdk-cygwin\jdk8u\hotspot\src\share\vm\classfile\systemDictio
Event: 64.093 Thread 0x0000000018cf9800 Exception <a 'java/lang/ClassNotFoundException': org/gradle/api/internal/artifacts/configurations/DefaultConfigurationContainerBeanInfo> (0x00000000e4f700e0) thrown at [D:\src\AOSP-openjdk-cygwin\jdk8u\hotspot\src\share\vm\classfile\systemDictionary.cpp, 
Event: 64.094 Thread 0x0000000018cf9800 Exception <a 'java/lang/ClassNotFoundException': org/gradle/api/internal/AbstractValidatingNamedDomainObjectContainerBeanInfo> (0x00000000e4f8e0f8) thrown at [D:\src\AOSP-openjdk-cygwin\jdk8u\hotspot\src\share\vm\classfile\systemDictionary.cpp, line 210]
Event: 64.095 Thread 0x0000000018cf9800 Exception <a 'java/lang/ClassNotFoundException': org/gradle/api/internal/AbstractValidatingNamedDomainObjectContainerCustomizer> (0x00000000e4fac728) thrown at [D:\src\AOSP-openjdk-cygwin\jdk8u\hotspot\src\share\vm\classfile\systemDictionary.cpp, line 210
Event: 64.096 Thread 0x0000000018cf9800 Exception <a 'java/lang/ClassNotFoundException': org/gradle/api/internal/artifacts/configurations/DefaultConfigurationContainerCustomizer> (0x00000000e4ff5cc0) thrown at [D:\src\AOSP-openjdk-cygwin\jdk8u\hotspot\src\share\vm\classfile\systemDictionary.cpp
Event: 64.097 Thread 0x0000000018cf9800 Exception <a 'java/lang/ClassNotFoundException': org/gradle/api/internal/artifacts/configurations/DefaultConfigurationContainer_DecoratedCustomizer> (0x00000000e504f270) thrown at [D:\src\AOSP-openjdk-cygwin\jdk8u\hotspot\src\share\vm\classfile\systemDict

Events (10 events):
Event: 64.103 loading class org/gradle/api/reflect/HasPublicType
Event: 64.103 loading class org/gradle/api/reflect/HasPublicType done
Event: 64.103 loading class groovy/runtime/metaclass/java/lang/IntegerMetaClass
Event: 64.103 loading class groovy/runtime/metaclass/java/lang/IntegerMetaClass done
Event: 64.103 Thread 0x0000000018cf9800 Uncommon trap: trap_request=0xffffff65 fr.pc=0x0000000003a97a84
Event: 64.103 Thread 0x0000000018cf9800 DEOPT PACKING pc=0x0000000003a97a84 sp=0x000000001bc2a2e0
Event: 64.103 Thread 0x0000000018cf9800 DEOPT UNPACKING pc=0x000000000306557b sp=0x000000001bc2a290 mode 2
Event: 64.103 loading class org/codehaus/groovy/runtime/typehandling/NumberMathModificationInfo
Event: 64.103 loading class org/codehaus/groovy/runtime/typehandling/NumberMathModificationInfo done
Event: 64.254 Executing VM operation: CollectForMetadataAllocation


Dynamic libraries:
0x00007ff6dc0e0000 - 0x00007ff6dc111000 	D:\DevKids\AndroidStudio\jre\bin\java.exe
0x00007ffc53ce0000 - 0x00007ffc53ed0000 	C:\WINDOWS\SYSTEM32\ntdll.dll
0x00007ffc52df0000 - 0x00007ffc52ea2000 	C:\WINDOWS\System32\KERNEL32.DLL
0x00007ffc51b40000 - 0x00007ffc51de3000 	C:\WINDOWS\System32\KERNELBASE.dll
0x00007ffc532d0000 - 0x00007ffc53373000 	C:\WINDOWS\System32\ADVAPI32.dll
0x00007ffc53380000 - 0x00007ffc5341e000 	C:\WINDOWS\System32\msvcrt.dll
0x00007ffc53b90000 - 0x00007ffc53c27000 	C:\WINDOWS\System32\sechost.dll
0x00007ffc534a0000 - 0x00007ffc535c0000 	C:\WINDOWS\System32\RPCRT4.dll
0x00007ffc52c30000 - 0x00007ffc52dc4000 	C:\WINDOWS\System32\USER32.dll
0x00007ffc50cd0000 - 0x00007ffc50cf1000 	C:\WINDOWS\System32\win32u.dll
0x00007ffc53a30000 - 0x00007ffc53a56000 	C:\WINDOWS\System32\GDI32.dll
0x00007ffc50d00000 - 0x00007ffc50e94000 	C:\WINDOWS\System32\gdi32full.dll
0x00007ffc51750000 - 0x00007ffc517ee000 	C:\WINDOWS\System32\msvcp_win.dll
0x00007ffc517f0000 - 0x00007ffc518ea000 	C:\WINDOWS\System32\ucrtbase.dll
0x00007ffc41530000 - 0x00007ffc417b5000 	C:\WINDOWS\WinSxS\amd64_microsoft.windows.common-controls_6595b64144ccf1df_6.0.18362.657_none_e6c5b579130e3898\COMCTL32.dll
0x00007ffc51ff0000 - 0x00007ffc52326000 	C:\WINDOWS\System32\combase.dll
0x00007ffc518f0000 - 0x00007ffc51970000 	C:\WINDOWS\System32\bcryptPrimitives.dll
0x00007ffc51fc0000 - 0x00007ffc51fee000 	C:\WINDOWS\System32\IMM32.DLL
0x0000000064840000 - 0x0000000064912000 	D:\DevKids\AndroidStudio\jre\jre\bin\msvcr100.dll
0x0000000064920000 - 0x0000000065166000 	D:\DevKids\AndroidStudio\jre\jre\bin\server\jvm.dll
0x00007ffc53060000 - 0x00007ffc53068000 	C:\WINDOWS\System32\PSAPI.DLL
0x00007ffc4ea00000 - 0x00007ffc4ea09000 	C:\WINDOWS\SYSTEM32\WSOCK32.dll
0x00007ffc51df0000 - 0x00007ffc51e5f000 	C:\WINDOWS\System32\WS2_32.dll
0x00007ffc4e650000 - 0x00007ffc4e674000 	C:\WINDOWS\SYSTEM32\WINMM.dll
0x00007ffc47740000 - 0x00007ffc4774a000 	C:\WINDOWS\SYSTEM32\VERSION.dll
0x00007ffc4e610000 - 0x00007ffc4e63d000 	C:\WINDOWS\SYSTEM32\WINMMBASE.dll
0x00007ffc50ed0000 - 0x00007ffc50f1a000 	C:\WINDOWS\System32\cfgmgr32.dll
0x00007ffc4e680000 - 0x00007ffc4e68f000 	D:\DevKids\AndroidStudio\jre\jre\bin\verify.dll
0x00007ffc44a00000 - 0x00007ffc44a29000 	D:\DevKids\AndroidStudio\jre\jre\bin\java.dll
0x00007ffc449b0000 - 0x00007ffc449c6000 	D:\DevKids\AndroidStudio\jre\jre\bin\zip.dll
0x00007ffc523b0000 - 0x00007ffc52a95000 	C:\WINDOWS\System32\SHELL32.dll
0x00007ffc52b80000 - 0x00007ffc52c29000 	C:\WINDOWS\System32\shcore.dll
0x00007ffc50f20000 - 0x00007ffc5169f000 	C:\WINDOWS\System32\windows.storage.dll
0x00007ffc50c40000 - 0x00007ffc50c5f000 	C:\WINDOWS\System32\profapi.dll
0x00007ffc50c60000 - 0x00007ffc50caa000 	C:\WINDOWS\System32\powrprof.dll
0x00007ffc50c10000 - 0x00007ffc50c20000 	C:\WINDOWS\System32\UMPDC.dll
0x00007ffc53070000 - 0x00007ffc530c2000 	C:\WINDOWS\System32\shlwapi.dll
0x00007ffc50c20000 - 0x00007ffc50c31000 	C:\WINDOWS\System32\kernel.appcore.dll
0x00007ffc519d0000 - 0x00007ffc519e7000 	C:\WINDOWS\System32\cryptsp.dll
0x00007ffc44990000 - 0x00007ffc449aa000 	D:\DevKids\AndroidStudio\jre\jre\bin\net.dll
0x00007ffc42750000 - 0x00007ffc42926000 	C:\WINDOWS\SYSTEM32\urlmon.dll
0x00007ffc42d30000 - 0x00007ffc42fd6000 	C:\WINDOWS\SYSTEM32\iertutil.dll
0x00007ffc50650000 - 0x00007ffc5065c000 	C:\WINDOWS\SYSTEM32\CRYPTBASE.DLL
0x00007ffc50480000 - 0x00007ffc504e7000 	C:\WINDOWS\system32\mswsock.dll
0x00007ffc448b0000 - 0x00007ffc448c3000 	D:\DevKids\AndroidStudio\jre\jre\bin\nio.dll
0x00007ffc40a50000 - 0x00007ffc40a76000 	C:\Users\wwwli\.gradle\native\30\windows-amd64\native-platform.dll
0x00007ffc4c9a0000 - 0x00007ffc4c9ad000 	D:\DevKids\AndroidStudio\jre\jre\bin\management.dll
0x00007ffc4fff0000 - 0x00007ffc50023000 	C:\WINDOWS\system32\rsaenh.dll
0x00007ffc50ea0000 - 0x00007ffc50ec6000 	C:\WINDOWS\System32\bcrypt.dll
0x00007ffc50b00000 - 0x00007ffc50b25000 	C:\WINDOWS\SYSTEM32\USERENV.dll
0x00007ffc50190000 - 0x00007ffc501ca000 	C:\WINDOWS\SYSTEM32\IPHLPAPI.DLL
0x00007ffc532c0000 - 0x00007ffc532c8000 	C:\WINDOWS\System32\NSI.dll
0x00007ffc495e0000 - 0x00007ffc495f6000 	C:\WINDOWS\SYSTEM32\dhcpcsvc6.DLL
0x00007ffc49660000 - 0x00007ffc4967c000 	C:\WINDOWS\SYSTEM32\dhcpcsvc.DLL
0x00007ffc501d0000 - 0x00007ffc5029a000 	C:\WINDOWS\SYSTEM32\DNSAPI.dll

VM Arguments:
jvm_args: -Xmx1536m -Dfile.encoding=GBK -Duser.country=CN -Duser.language=zh -Duser.variant 
java_command: org.gradle.launcher.daemon.bootstrap.GradleDaemon 5.6.4
java_class_path (initial): C:\Users\wwwli\.gradle\wrapper\dists\gradle-5.6.4-all\ankdp27end7byghfw1q2sw75f\gradle-5.6.4\lib\gradle-launcher-5.6.4.jar
Launcher Type: SUN_STANDARD

Environment Variables:
JAVA_HOME=D:\DevKids\jdk
PATH=C:\Program Files (x86)\NVIDIA Corporation\PhysX\Common;C:\WINDOWS\system32;C:\WINDOWS;C:\WINDOWS\System32\Wbem;C:\WINDOWS\System32\WindowsPowerShell\v1.0\;D:\DevKids\jdk\bin;C:\WINDOWS\System32\OpenSSH\;C:\Program Files\Microsoft SQL Server\130\Tools\Binn\;C:\Users\wwwli\.dnx\bin;C:\Program Files\Microsoft DNX\Dnvm\;C:\Program Files\Common Files\Autodesk Shared\;C:\Program Files\Microsoft SQL Server\120\Tools\Binn\;C:\Users\wwwli\AppData\Local\Microsoft\WindowsApps;
USERNAME=wwwli
OS=Windows_NT
PROCESSOR_IDENTIFIER=Intel64 Family 6 Model 142 Stepping 9, GenuineIntel



---------------  S Y S T E M  ---------------

OS: Windows 10.0 , 64 bit Build 18362 (10.0.18362.329)

CPU:total 4 (initial active 4) (2 cores per cpu, 2 threads per core) family 6 model 142 stepping 9, cmov, cx8, fxsr, mmx, sse, sse2, sse3, ssse3, sse4.1, sse4.2, popcnt, avx, avx2, aes, clmul, erms, 3dnowpref, lzcnt, ht, tsc, tscinvbit, bmi1, bmi2, adx

Memory: 4k page, physical 8260324k(1504428k free), swap 16008784k(15004k free)

vm_info: OpenJDK 64-Bit Server VM (25.212-b04) for windows-amd64 JRE (1.8.0_212-release-1586-b04), built by "builder" with MS VC++ 10.0 (VS2010)

time: Fri Mar 20 23:53:04 2020
timezone: 中国标准时间
elapsed time: 64 seconds (0d 0h 1m 4s)

